d:\studia - projekty c++ i c#\test\klon\cos\symulacja_cyfrowa_projekt\symulacja_cyfrowa_projekt\x64\debug\vc141.pdb
d:\studia - projekty c++ i c#\test\klon\cos\symulacja_cyfrowa_projekt\symulacja_cyfrowa_projekt\x64\debug\vc141.idb
d:\studia - projekty c++ i c#\test\klon\cos\symulacja_cyfrowa_projekt\symulacja_cyfrowa_projekt\x64\debug\źródło.obj
d:\studia - projekty c++ i c#\test\klon\cos\symulacja_cyfrowa_projekt\symulacja_cyfrowa_projekt\x64\debug\patientqueue.obj
d:\studia - projekty c++ i c#\test\klon\cos\symulacja_cyfrowa_projekt\symulacja_cyfrowa_projekt\x64\debug\patientlink.obj
d:\studia - projekty c++ i c#\test\klon\cos\symulacja_cyfrowa_projekt\symulacja_cyfrowa_projekt\x64\debug\patientevent.obj
d:\studia - projekty c++ i c#\test\klon\cos\symulacja_cyfrowa_projekt\symulacja_cyfrowa_projekt\x64\debug\patient.obj
d:\studia - projekty c++ i c#\test\klon\cos\symulacja_cyfrowa_projekt\symulacja_cyfrowa_projekt\x64\debug\newunitsdeliverenceevent.obj
d:\studia - projekty c++ i c#\test\klon\cos\symulacja_cyfrowa_projekt\symulacja_cyfrowa_projekt\x64\debug\eventsagenda.obj
d:\studia - projekty c++ i c#\test\klon\cos\symulacja_cyfrowa_projekt\symulacja_cyfrowa_projekt\x64\debug\event.obj
d:\studia - projekty c++ i c#\test\klon\cos\symulacja_cyfrowa_projekt\symulacja_cyfrowa_projekt\x64\debug\donorevent.obj
d:\studia - projekty c++ i c#\test\klon\cos\symulacja_cyfrowa_projekt\symulacja_cyfrowa_projekt\x64\debug\donor.obj
d:\studia - projekty c++ i c#\test\klon\cos\symulacja_cyfrowa_projekt\symulacja_cyfrowa_projekt\x64\debug\donationpoint.obj
d:\studia - projekty c++ i c#\test\klon\cos\symulacja_cyfrowa_projekt\symulacja_cyfrowa_projekt\x64\debug\deliverenceevent.obj
d:\studia - projekty c++ i c#\test\klon\cos\symulacja_cyfrowa_projekt\symulacja_cyfrowa_projekt\x64\debug\bloodutilizationevent.obj
d:\studia - projekty c++ i c#\test\klon\cos\symulacja_cyfrowa_projekt\symulacja_cyfrowa_projekt\x64\debug\bloodunitlink.obj
d:\studia - projekty c++ i c#\test\klon\cos\symulacja_cyfrowa_projekt\symulacja_cyfrowa_projekt\x64\debug\bloodunit.obj
d:\studia - projekty c++ i c#\test\klon\cos\symulacja_cyfrowa_projekt\symulacja_cyfrowa_projekt\x64\debug\bloodtransfusionevent.obj
d:\studia - projekty c++ i c#\test\klon\cos\symulacja_cyfrowa_projekt\symulacja_cyfrowa_projekt\x64\debug\bloodstorage.obj
d:\studia - projekty c++ i c#\test\klon\cos\symulacja_cyfrowa_projekt\symulacja_cyfrowa_projekt\x64\debug\alertdeliverenceevent.obj
d:\studia - projekty c++ i c#\test\klon\cos\symulacja_cyfrowa_projekt\x64\debug\symulacja_cyfrowa_projekt.ilk
d:\studia - projekty c++ i c#\test\klon\cos\symulacja_cyfrowa_projekt\x64\debug\symulacja_cyfrowa_projekt.exe
d:\studia - projekty c++ i c#\test\klon\cos\symulacja_cyfrowa_projekt\x64\debug\symulacja_cyfrowa_projekt.pdb
d:\studia - projekty c++ i c#\test\klon\cos\symulacja_cyfrowa_projekt\symulacja_cyfrowa_projekt\x64\debug\symulacj.037c88cd.tlog\cl.command.1.tlog
d:\studia - projekty c++ i c#\test\klon\cos\symulacja_cyfrowa_projekt\symulacja_cyfrowa_projekt\x64\debug\symulacj.037c88cd.tlog\cl.read.1.tlog
d:\studia - projekty c++ i c#\test\klon\cos\symulacja_cyfrowa_projekt\symulacja_cyfrowa_projekt\x64\debug\symulacj.037c88cd.tlog\cl.write.1.tlog
d:\studia - projekty c++ i c#\test\klon\cos\symulacja_cyfrowa_projekt\symulacja_cyfrowa_projekt\x64\debug\symulacj.037c88cd.tlog\link.command.1.tlog
d:\studia - projekty c++ i c#\test\klon\cos\symulacja_cyfrowa_projekt\symulacja_cyfrowa_projekt\x64\debug\symulacj.037c88cd.tlog\link.read.1.tlog
d:\studia - projekty c++ i c#\test\klon\cos\symulacja_cyfrowa_projekt\symulacja_cyfrowa_projekt\x64\debug\symulacj.037c88cd.tlog\link.write.1.tlog
